#
# There is insufficient memory for the Java Runtime Environment to continue.
# Native memory allocation (malloc) failed to allocate 747216 bytes for Chunk::new
# Possible reasons:
#   The system is out of physical RAM or swap space
#   The process is running with CompressedOops enabled, and the Java Heap may be blocking the growth of the native heap
# Possible solutions:
#   Reduce memory load on the system
#   Increase physical memory or swap space
#   Check if swap backing store is full
#   Decrease Java heap size (-Xmx/-Xms)
#   Decrease number of Java threads
#   Decrease Java thread stack sizes (-Xss)
#   Set larger code cache with -XX:ReservedCodeCacheSize=
#   JVM is running with Unscaled Compressed Oops mode in which the Java heap is
#     placed in the first 4GB address space. The Java Heap base address is the
#     maximum limit for the native heap growth. Please use -XX:HeapBaseMinAddress
#     to set the Java Heap base and to place the Java Heap above 4GB virtual address.
# This output file may be truncated or incomplete.
#
#  Out of Memory Error (./src/hotspot/share/memory/arena.cpp:197), pid=4748, tid=2784
#
# JRE version: OpenJDK Runtime Environment (11.0.11+9) (build 11.0.11+9-b60-7590822)
# Java VM: OpenJDK 64-Bit Server VM (11.0.11+9-b60-7590822, mixed mode, tiered, compressed oops, g1 gc, windows-amd64)
# No core dump will be written. Minidumps are not enabled by default on client versions of Windows
#

---------------  S U M M A R Y ------------

Command Line: --add-opens=java.base/java.util=ALL-UNNAMED --add-opens=java.base/java.lang=ALL-UNNAMED --add-opens=java.base/java.lang.invoke=ALL-UNNAMED --add-opens=java.base/java.util=ALL-UNNAMED --add-opens=java.prefs/java.util.prefs=ALL-UNNAMED --add-opens=java.prefs/java.util.prefs=ALL-UNNAMED --add-opens=java.base/java.nio.charset=ALL-UNNAMED --add-opens=java.base/java.net=ALL-UNNAMED --add-opens=java.base/java.util.concurrent.atomic=ALL-UNNAMED -Xmx2048m -Dfile.encoding=UTF-8 -Duser.country=BR -Duser.language=pt -Duser.variant org.gradle.launcher.daemon.bootstrap.GradleDaemon 7.2

Host: Intel(R) Core(TM) i3-6006U CPU @ 2.00GHz, 4 cores, 11G,  Windows 10 , 64 bit Build 19041 (10.0.19041.1706)
Time: Sun May 22 20:29:56 2022 Hora oficial do Brasil elapsed time: 12.970792 seconds (0d 0h 0m 12s)

---------------  T H R E A D  ---------------

Current thread (0x000002aa05e0a000):  JavaThread "C2 CompilerThread1" daemon [_thread_in_native, id=2784, stack(0x000000e0e7c00000,0x000000e0e7d00000)]


Current CompileTask:
C2:  12972 3264   !   4       java.util.zip.ZipFile::getInputStream (323 bytes)

Stack: [0x000000e0e7c00000,0x000000e0e7d00000]
Native frames: (J=compiled Java code, j=interpreted, Vv=VM code, C=native code)
V  [jvm.dll+0x5f214a]
V  [jvm.dll+0x726fb5]
V  [jvm.dll+0x7285cd]
V  [jvm.dll+0x728c83]
V  [jvm.dll+0x243278]
V  [jvm.dll+0xbc53c]
V  [jvm.dll+0xbca3c]
V  [jvm.dll+0x353e3b]
V  [jvm.dll+0x321893]
V  [jvm.dll+0x320d8a]
V  [jvm.dll+0x1fc1e2]
V  [jvm.dll+0x1fb3d4]
V  [jvm.dll+0x183d6c]
V  [jvm.dll+0x209a57]
V  [jvm.dll+0x2082a1]
V  [jvm.dll+0x6ef58f]
V  [jvm.dll+0x6e80b5]
V  [jvm.dll+0x5f1036]
C  [ucrtbase.dll+0x21bb2]
C  [KERNEL32.DLL+0x17034]
C  [ntdll.dll+0x52651]


---------------  P R O C E S S  ---------------

Threads class SMR info:
_java_thread_list=0x000002aa06ea7aa0, length=31, elements={
0x000002aa68b1a800, 0x000002aa7ef51800, 0x000002aa7ef55000, 0x000002aa7e743000,
0x000002aa7e749000, 0x000002aa7e74a800, 0x000002aa7efa5000, 0x000002aa7efa6000,
0x000002aa7efa8000, 0x000002aa7f10c800, 0x000002aa04f46800, 0x000002aa05dad800,
0x000002aa052b2800, 0x000002aa04d60000, 0x000002aa043cd000, 0x000002aa043cd800,
0x000002aa05327800, 0x000002aa05328800, 0x000002aa057c1800, 0x000002aa057c4800,
0x000002aa057c2800, 0x000002aa057c3000, 0x000002aa057c4000, 0x000002aa05e0a000,
0x000002aa057c6800, 0x000002aa057c5800, 0x000002aa057c0800, 0x000002aa057c7000,
0x000002aa06fec800, 0x000002aa06feb800, 0x000002aa06fee000
}

Java Threads: ( => current thread )
  0x000002aa68b1a800 JavaThread "main" [_thread_blocked, id=10160, stack(0x000000e0e5b00000,0x000000e0e5c00000)]
  0x000002aa7ef51800 JavaThread "Reference Handler" daemon [_thread_blocked, id=2704, stack(0x000000e0e6200000,0x000000e0e6300000)]
  0x000002aa7ef55000 JavaThread "Finalizer" daemon [_thread_blocked, id=6704, stack(0x000000e0e6300000,0x000000e0e6400000)]
  0x000002aa7e743000 JavaThread "Signal Dispatcher" daemon [_thread_blocked, id=6944, stack(0x000000e0e6400000,0x000000e0e6500000)]
  0x000002aa7e749000 JavaThread "Attach Listener" daemon [_thread_blocked, id=10792, stack(0x000000e0e6500000,0x000000e0e6600000)]
  0x000002aa7e74a800 JavaThread "Service Thread" daemon [_thread_blocked, id=12244, stack(0x000000e0e6600000,0x000000e0e6700000)]
  0x000002aa7efa5000 JavaThread "C2 CompilerThread0" daemon [_thread_blocked, id=6228, stack(0x000000e0e6700000,0x000000e0e6800000)]
  0x000002aa7efa6000 JavaThread "C1 CompilerThread0" daemon [_thread_blocked, id=11028, stack(0x000000e0e6800000,0x000000e0e6900000)]
  0x000002aa7efa8000 JavaThread "Sweeper thread" daemon [_thread_blocked, id=8996, stack(0x000000e0e6900000,0x000000e0e6a00000)]
  0x000002aa7f10c800 JavaThread "Common-Cleaner" daemon [_thread_blocked, id=8248, stack(0x000000e0e6a00000,0x000000e0e6b00000)]
  0x000002aa04f46800 JavaThread "Daemon health stats" [_thread_blocked, id=11144, stack(0x000000e0e7000000,0x000000e0e7100000)]
  0x000002aa05dad800 JavaThread "Incoming local TCP Connector on port 56097" [_thread_in_native, id=972, stack(0x000000e0e6c00000,0x000000e0e6d00000)]
  0x000002aa052b2800 JavaThread "Daemon periodic checks" [_thread_blocked, id=2128, stack(0x000000e0e7100000,0x000000e0e7200000)]
  0x000002aa04d60000 JavaThread "Daemon" [_thread_blocked, id=360, stack(0x000000e0e7200000,0x000000e0e7300000)]
  0x000002aa043cd000 JavaThread "Handler for socket connection from /127.0.0.1:56097 to /127.0.0.1:56098" [_thread_in_native, id=10960, stack(0x000000e0e7300000,0x000000e0e7400000)]
  0x000002aa043cd800 JavaThread "Cancel handler" [_thread_blocked, id=9788, stack(0x000000e0e7400000,0x000000e0e7500000)]
  0x000002aa05327800 JavaThread "Daemon worker" [_thread_in_vm, id=8336, stack(0x000000e0e7500000,0x000000e0e7600000)]
  0x000002aa05328800 JavaThread "Asynchronous log dispatcher for DefaultDaemonConnection: socket connection from /127.0.0.1:56097 to /127.0.0.1:56098" [_thread_blocked, id=2588, stack(0x000000e0e7600000,0x000000e0e7700000)]
  0x000002aa057c1800 JavaThread "Stdin handler" [_thread_blocked, id=10580, stack(0x000000e0e7700000,0x000000e0e7800000)]
  0x000002aa057c4800 JavaThread "Daemon client event forwarder" [_thread_blocked, id=7972, stack(0x000000e0e7800000,0x000000e0e7900000)]
  0x000002aa057c2800 JavaThread "Cache worker for journal cache (C:\Users\Luis\.gradle\caches\journal-1)" [_thread_blocked, id=10076, stack(0x000000e0e7900000,0x000000e0e7a00000)]
  0x000002aa057c3000 JavaThread "File lock request listener" [_thread_in_native, id=8184, stack(0x000000e0e7a00000,0x000000e0e7b00000)]
  0x000002aa057c4000 JavaThread "Cache worker for file hash cache (C:\Users\Luis\.gradle\caches\7.2\fileHashes)" [_thread_blocked, id=5364, stack(0x000000e0e7b00000,0x000000e0e7c00000)]
=>0x000002aa05e0a000 JavaThread "C2 CompilerThread1" daemon [_thread_in_native, id=2784, stack(0x000000e0e7c00000,0x000000e0e7d00000)]
  0x000002aa057c6800 JavaThread "Cache worker for file hash cache (C:\Users\Luis\AndroidStudioProjects\ProjetoIntegrador4\.gradle\7.2\fileHashes)" [_thread_blocked, id=5488, stack(0x000000e0e7d00000,0x000000e0e7e00000)]
  0x000002aa057c5800 JavaThread "File watcher server" daemon [_thread_in_native, id=4980, stack(0x000000e0e7e00000,0x000000e0e7f00000)]
  0x000002aa057c0800 JavaThread "File watcher consumer" daemon [_thread_blocked, id=3804, stack(0x000000e0e7f00000,0x000000e0e8000000)]
  0x000002aa057c7000 JavaThread "Cache worker for checksums cache (C:\Users\Luis\AndroidStudioProjects\ProjetoIntegrador4\.gradle\checksums)" [_thread_blocked, id=12404, stack(0x000000e0e8000000,0x000000e0e8100000)]
  0x000002aa06fec800 JavaThread "Cache worker for cache directory md-supplier (C:\Users\Luis\.gradle\caches\7.2\md-supplier)" [_thread_blocked, id=2332, stack(0x000000e0e8100000,0x000000e0e8200000)]
  0x000002aa06feb800 JavaThread "Cache worker for cache directory md-rule (C:\Users\Luis\.gradle\caches\7.2\md-rule)" [_thread_blocked, id=6856, stack(0x000000e0e8200000,0x000000e0e8300000)]
  0x000002aa06fee000 JavaThread "Cache worker for execution history cache (C:\Users\Luis\.gradle\caches\7.2\executionHistory)" [_thread_blocked, id=9392, stack(0x000000e0e8300000,0x000000e0e8400000)]

Other Threads:
  0x000002aa7e72d000 VMThread "VM Thread" [stack: 0x000000e0e6100000,0x000000e0e6200000] [id=6980]
  0x000002aa7f13d000 WatcherThread [stack: 0x000000e0e6b00000,0x000000e0e6c00000] [id=5536]
  0x000002aa68b34000 GCTaskThread "GC Thread#0" [stack: 0x000000e0e5c00000,0x000000e0e5d00000] [id=12856]
  0x000002aa04290800 GCTaskThread "GC Thread#1" [stack: 0x000000e0e6d00000,0x000000e0e6e00000] [id=12224]
  0x000002aa7f610800 GCTaskThread "GC Thread#2" [stack: 0x000000e0e6e00000,0x000000e0e6f00000] [id=12512]
  0x000002aa7f666000 GCTaskThread "GC Thread#3" [stack: 0x000000e0e6f00000,0x000000e0e7000000] [id=11768]
  0x000002aa68b63800 ConcurrentGCThread "G1 Main Marker" [stack: 0x000000e0e5d00000,0x000000e0e5e00000] [id=9780]
  0x000002aa68b65800 ConcurrentGCThread "G1 Conc#0" [stack: 0x000000e0e5e00000,0x000000e0e5f00000] [id=8480]
  0x000002aa7e57e800 ConcurrentGCThread "G1 Refine#0" [stack: 0x000000e0e5f00000,0x000000e0e6000000] [id=7004]
  0x000002aa7e57f800 ConcurrentGCThread "G1 Young RemSet Sampling" [stack: 0x000000e0e6000000,0x000000e0e6100000] [id=1452]

Threads with active compile tasks:
C2 CompilerThread1  13481 3264   !   4       java.util.zip.ZipFile::getInputStream (323 bytes)

VM state:not at safepoint (normal execution)

VM Mutex/Monitor currently owned by a thread: None

Heap address: 0x0000000080000000, size: 2048 MB, Compressed Oops mode: 32-bit
Narrow klass base: 0x0000000000000000, Narrow klass shift: 3
Compressed class space size: 1073741824 Address: 0x0000000100000000

Heap:
 garbage-first heap   total 194560K, used 49133K [0x0000000080000000, 0x0000000100000000)
  region size 1024K, 35 young (35840K), 7 survivors (7168K)
 Metaspace       used 36869K, capacity 37752K, committed 38012K, reserved 1083392K
  class space    used 4755K, capacity 5089K, committed 5120K, reserved 1048576K
Heap Regions: E=young(eden), S=young(survivor), O=old, HS=humongous(starts), HC=humongous(continues), CS=collection set, F=free, A=archive, TAMS=top-at-mark-start (previous, next)
|   0|0x0000000080000000, 0x0000000080100000, 0x0000000080100000|100%| O|  |TAMS 0x0000000080100000, 0x0000000080000000| Untracked 
|   1|0x0000000080100000, 0x0000000080200000, 0x0000000080200000|100%| O|  |TAMS 0x0000000080200000, 0x0000000080100000| Untracked 
|   2|0x0000000080200000, 0x0000000080300000, 0x0000000080300000|100%| O|  |TAMS 0x0000000080300000, 0x0000000080200000| Untracked 
|   3|0x0000000080300000, 0x0000000080400000, 0x0000000080400000|100%|HS|  |TAMS 0x0000000080400000, 0x0000000080300000| Complete 
|   4|0x0000000080400000, 0x0000000080500000, 0x0000000080500000|100%|HC|  |TAMS 0x0000000080500000, 0x0000000080400000| Complete 
|   5|0x0000000080500000, 0x0000000080600000, 0x0000000080600000|100%|HC|  |TAMS 0x0000000080600000, 0x0000000080500000| Complete 
|   6|0x0000000080600000, 0x0000000080700000, 0x0000000080700000|100%| O|  |TAMS 0x0000000080700000, 0x0000000080600000| Untracked 
|   7|0x0000000080700000, 0x0000000080800000, 0x0000000080800000|100%| O|  |TAMS 0x0000000080800000, 0x0000000080700000| Untracked 
|   8|0x0000000080800000, 0x0000000080900000, 0x0000000080900000|100%| O|  |TAMS 0x0000000080900000, 0x0000000080800000| Untracked 
|   9|0x0000000080900000, 0x0000000080a00000, 0x0000000080a00000|100%| O|  |TAMS 0x0000000080a00000, 0x0000000080900000| Untracked 
|  10|0x0000000080a00000, 0x0000000080b00000, 0x0000000080b00000|100%| O|  |TAMS 0x0000000080b00000, 0x0000000080a00000| Untracked 
|  11|0x0000000080b00000, 0x0000000080c00000, 0x0000000080c00000|100%| O|  |TAMS 0x0000000080c00000, 0x0000000080b00000| Untracked 
|  12|0x0000000080c00000, 0x0000000080d00000, 0x0000000080d00000|100%| O|  |TAMS 0x0000000080d00000, 0x0000000080c00000| Untracked 
|  13|0x0000000080d00000, 0x0000000080e00000, 0x0000000080e00000|100%| O|  |TAMS 0x0000000080e00000, 0x0000000080d00000| Untracked 
|  14|0x0000000080e00000, 0x0000000080f00000, 0x0000000080f00000|100%| O|  |TAMS 0x0000000080f00000, 0x0000000080e00000| Untracked 
|  15|0x0000000080f00000, 0x0000000080fd5e00, 0x0000000081000000| 83%| O|  |TAMS 0x0000000080fd5e00, 0x0000000080f00000| Untracked 
|  16|0x0000000081000000, 0x0000000081000000, 0x0000000081100000|  0%| F|  |TAMS 0x0000000081000000, 0x0000000081000000| Untracked 
|  17|0x0000000081100000, 0x0000000081100000, 0x0000000081200000|  0%| F|  |TAMS 0x0000000081100000, 0x0000000081100000| Untracked 
|  18|0x0000000081200000, 0x0000000081200000, 0x0000000081300000|  0%| F|  |TAMS 0x0000000081200000, 0x0000000081200000| Untracked 
|  19|0x0000000081300000, 0x0000000081300000, 0x0000000081400000|  0%| F|  |TAMS 0x0000000081300000, 0x0000000081300000| Untracked 
|  20|0x0000000081400000, 0x0000000081400000, 0x0000000081500000|  0%| F|  |TAMS 0x0000000081400000, 0x0000000081400000| Untracked 
|  21|0x0000000081500000, 0x0000000081500000, 0x0000000081600000|  0%| F|  |TAMS 0x0000000081500000, 0x0000000081500000| Untracked 
|  22|0x0000000081600000, 0x0000000081600000, 0x0000000081700000|  0%| F|  |TAMS 0x0000000081600000, 0x0000000081600000| Untracked 
|  23|0x0000000081700000, 0x0000000081700000, 0x0000000081800000|  0%| F|  |TAMS 0x0000000081700000, 0x0000000081700000| Untracked 
|  24|0x0000000081800000, 0x0000000081800000, 0x0000000081900000|  0%| F|  |TAMS 0x0000000081800000, 0x0000000081800000| Untracked 
|  25|0x0000000081900000, 0x0000000081900000, 0x0000000081a00000|  0%| F|  |TAMS 0x0000000081900000, 0x0000000081900000| Untracked 
|  26|0x0000000081a00000, 0x0000000081a00000, 0x0000000081b00000|  0%| F|  |TAMS 0x0000000081a00000, 0x0000000081a00000| Untracked 
|  27|0x0000000081b00000, 0x0000000081b00000, 0x0000000081c00000|  0%| F|  |TAMS 0x0000000081b00000, 0x0000000081b00000| Untracked 
|  28|0x0000000081c00000, 0x0000000081c00000, 0x0000000081d00000|  0%| F|  |TAMS 0x0000000081c00000, 0x0000000081c00000| Untracked 
|  29|0x0000000081d00000, 0x0000000081d00000, 0x0000000081e00000|  0%| F|  |TAMS 0x0000000081d00000, 0x0000000081d00000| Untracked 
|  30|0x0000000081e00000, 0x0000000081e00000, 0x0000000081f00000|  0%| F|  |TAMS 0x0000000081e00000, 0x0000000081e00000| Untracked 
|  31|0x0000000081f00000, 0x0000000081f00000, 0x0000000082000000|  0%| F|  |TAMS 0x0000000081f00000, 0x0000000081f00000| Untracked 
|  32|0x0000000082000000, 0x0000000082000000, 0x0000000082100000|  0%| F|  |TAMS 0x0000000082000000, 0x0000000082000000| Untracked 
|  33|0x0000000082100000, 0x0000000082100000, 0x0000000082200000|  0%| F|  |TAMS 0x0000000082100000, 0x0000000082100000| Untracked 
|  34|0x0000000082200000, 0x0000000082200000, 0x0000000082300000|  0%| F|  |TAMS 0x0000000082200000, 0x0000000082200000| Untracked 
|  35|0x0000000082300000, 0x0000000082300000, 0x0000000082400000|  0%| F|  |TAMS 0x0000000082300000, 0x0000000082300000| Untracked 
|  36|0x0000000082400000, 0x0000000082400000, 0x0000000082500000|  0%| F|  |TAMS 0x0000000082400000, 0x0000000082400000| Untracked 
|  37|0x0000000082500000, 0x0000000082500000, 0x0000000082600000|  0%| F|  |TAMS 0x0000000082500000, 0x0000000082500000| Untracked 
|  38|0x0000000082600000, 0x0000000082600000, 0x0000000082700000|  0%| F|  |TAMS 0x0000000082600000, 0x0000000082600000| Untracked 
|  39|0x0000000082700000, 0x0000000082700000, 0x0000000082800000|  0%| F|  |TAMS 0x0000000082700000, 0x0000000082700000| Untracked 
|  40|0x0000000082800000, 0x0000000082800000, 0x0000000082900000|  0%| F|  |TAMS 0x0000000082800000, 0x0000000082800000| Untracked 
|  41|0x0000000082900000, 0x0000000082900000, 0x0000000082a00000|  0%| F|  |TAMS 0x0000000082900000, 0x0000000082900000| Untracked 
|  42|0x0000000082a00000, 0x0000000082a00000, 0x0000000082b00000|  0%| F|  |TAMS 0x0000000082a00000, 0x0000000082a00000| Untracked 
|  43|0x0000000082b00000, 0x0000000082b00000, 0x0000000082c00000|  0%| F|  |TAMS 0x0000000082b00000, 0x0000000082b00000| Untracked 
|  44|0x0000000082c00000, 0x0000000082c00000, 0x0000000082d00000|  0%| F|  |TAMS 0x0000000082c00000, 0x0000000082c00000| Untracked 
|  45|0x0000000082d00000, 0x0000000082d00000, 0x0000000082e00000|  0%| F|  |TAMS 0x0000000082d00000, 0x0000000082d00000| Untracked 
|  46|0x0000000082e00000, 0x0000000082e00000, 0x0000000082f00000|  0%| F|  |TAMS 0x0000000082e00000, 0x0000000082e00000| Untracked 
|  47|0x0000000082f00000, 0x0000000082f00000, 0x0000000083000000|  0%| F|  |TAMS 0x0000000082f00000, 0x0000000082f00000| Untracked 
|  48|0x0000000083000000, 0x0000000083000000, 0x0000000083100000|  0%| F|  |TAMS 0x0000000083000000, 0x0000000083000000| Untracked 
|  49|0x0000000083100000, 0x0000000083100000, 0x0000000083200000|  0%| F|  |TAMS 0x0000000083100000, 0x0000000083100000| Untracked 
|  50|0x0000000083200000, 0x0000000083200000, 0x0000000083300000|  0%| F|  |TAMS 0x0000000083200000, 0x0000000083200000| Untracked 
|  51|0x0000000083300000, 0x0000000083300000, 0x0000000083400000|  0%| F|  |TAMS 0x0000000083300000, 0x0000000083300000| Untracked 
|  52|0x0000000083400000, 0x0000000083400000, 0x0000000083500000|  0%| F|  |TAMS 0x0000000083400000, 0x0000000083400000| Untracked 
|  53|0x0000000083500000, 0x0000000083500000, 0x0000000083600000|  0%| F|  |TAMS 0x0000000083500000, 0x0000000083500000| Untracked 
|  54|0x0000000083600000, 0x0000000083600000, 0x0000000083700000|  0%| F|  |TAMS 0x0000000083600000, 0x0000000083600000| Untracked 
|  55|0x0000000083700000, 0x0000000083700000, 0x0000000083800000|  0%| F|  |TAMS 0x0000000083700000, 0x0000000083700000| Untracked 
|  56|0x0000000083800000, 0x0000000083800000, 0x0000000083900000|  0%| F|  |TAMS 0x0000000083800000, 0x0000000083800000| Untracked 
|  57|0x0000000083900000, 0x0000000083900000, 0x0000000083a00000|  0%| F|  |TAMS 0x0000000083900000, 0x0000000083900000| Untracked 
|  58|0x0000000083a00000, 0x0000000083a00000, 0x0000000083b00000|  0%| F|  |TAMS 0x0000000083a00000, 0x0000000083a00000| Untracked 
|  59|0x0000000083b00000, 0x0000000083b00000, 0x0000000083c00000|  0%| F|  |TAMS 0x0000000083b00000, 0x0000000083b00000| Untracked 
|  60|0x0000000083c00000, 0x0000000083c00000, 0x0000000083d00000|  0%| F|  |TAMS 0x0000000083c00000, 0x0000000083c00000| Untracked 
|  61|0x0000000083d00000, 0x0000000083d00000, 0x0000000083e00000|  0%| F|  |TAMS 0x0000000083d00000, 0x0000000083d00000| Untracked 
|  62|0x0000000083e00000, 0x0000000083e00000, 0x0000000083f00000|  0%| F|  |TAMS 0x0000000083e00000, 0x0000000083e00000| Untracked 
|  63|0x0000000083f00000, 0x0000000083f00000, 0x0000000084000000|  0%| F|  |TAMS 0x0000000083f00000, 0x0000000083f00000| Untracked 
|  64|0x0000000084000000, 0x0000000084000000, 0x0000000084100000|  0%| F|  |TAMS 0x0000000084000000, 0x0000000084000000| Untracked 
|  65|0x0000000084100000, 0x0000000084100000, 0x0000000084200000|  0%| F|  |TAMS 0x0000000084100000, 0x0000000084100000| Untracked 
|  66|0x0000000084200000, 0x0000000084200000, 0x0000000084300000|  0%| F|  |TAMS 0x0000000084200000, 0x0000000084200000| Untracked 
|  67|0x0000000084300000, 0x0000000084300000, 0x0000000084400000|  0%| F|  |TAMS 0x0000000084300000, 0x0000000084300000| Untracked 
|  68|0x0000000084400000, 0x0000000084400000, 0x0000000084500000|  0%| F|  |TAMS 0x0000000084400000, 0x0000000084400000| Untracked 
|  69|0x0000000084500000, 0x0000000084500000, 0x0000000084600000|  0%| F|  |TAMS 0x0000000084500000, 0x0000000084500000| Untracked 
|  70|0x0000000084600000, 0x0000000084600000, 0x0000000084700000|  0%| F|  |TAMS 0x0000000084600000, 0x0000000084600000| Untracked 
|  71|0x0000000084700000, 0x0000000084700000, 0x0000000084800000|  0%| F|  |TAMS 0x0000000084700000, 0x0000000084700000| Untracked 
|  72|0x0000000084800000, 0x0000000084800000, 0x0000000084900000|  0%| F|  |TAMS 0x0000000084800000, 0x0000000084800000| Untracked 
|  73|0x0000000084900000, 0x0000000084900000, 0x0000000084a00000|  0%| F|  |TAMS 0x0000000084900000, 0x0000000084900000| Untracked 
|  74|0x0000000084a00000, 0x0000000084a00000, 0x0000000084b00000|  0%| F|  |TAMS 0x0000000084a00000, 0x0000000084a00000| Untracked 
|  75|0x0000000084b00000, 0x0000000084b00000, 0x0000000084c00000|  0%| F|  |TAMS 0x0000000084b00000, 0x0000000084b00000| Untracked 
|  76|0x0000000084c00000, 0x0000000084c00000, 0x0000000084d00000|  0%| F|  |TAMS 0x0000000084c00000, 0x0000000084c00000| Untracked 
|  77|0x0000000084d00000, 0x0000000084d00000, 0x0000000084e00000|  0%| F|  |TAMS 0x0000000084d00000, 0x0000000084d00000| Untracked 
|  78|0x0000000084e00000, 0x0000000084e00000, 0x0000000084f00000|  0%| F|  |TAMS 0x0000000084e00000, 0x0000000084e00000| Untracked 
|  79|0x0000000084f00000, 0x0000000084f00000, 0x0000000085000000|  0%| F|  |TAMS 0x0000000084f00000, 0x0000000084f00000| Untracked 
|  80|0x0000000085000000, 0x0000000085000000, 0x0000000085100000|  0%| F|  |TAMS 0x0000000085000000, 0x0000000085000000| Untracked 
|  81|0x0000000085100000, 0x0000000085100000, 0x0000000085200000|  0%| F|  |TAMS 0x0000000085100000, 0x0000000085100000| Untracked 
|  82|0x0000000085200000, 0x0000000085200000, 0x0000000085300000|  0%| F|  |TAMS 0x0000000085200000, 0x0000000085200000| Untracked 
|  83|0x0000000085300000, 0x0000000085300000, 0x0000000085400000|  0%| F|  |TAMS 0x0000000085300000, 0x0000000085300000| Untracked 
|  84|0x0000000085400000, 0x0000000085400000, 0x0000000085500000|  0%| F|  |TAMS 0x0000000085400000, 0x0000000085400000| Untracked 
|  85|0x0000000085500000, 0x0000000085500000, 0x0000000085600000|  0%| F|  |TAMS 0x0000000085500000, 0x0000000085500000| Untracked 
|  86|0x0000000085600000, 0x0000000085600000, 0x0000000085700000|  0%| F|  |TAMS 0x0000000085600000, 0x0000000085600000| Untracked 
|  87|0x0000000085700000, 0x0000000085700000, 0x0000000085800000|  0%| F|  |TAMS 0x0000000085700000, 0x0000000085700000| Untracked 
|  88|0x0000000085800000, 0x0000000085800000, 0x0000000085900000|  0%| F|  |TAMS 0x0000000085800000, 0x0000000085800000| Untracked 
|  89|0x0000000085900000, 0x0000000085900000, 0x0000000085a00000|  0%| F|  |TAMS 0x0000000085900000, 0x0000000085900000| Untracked 
|  90|0x0000000085a00000, 0x0000000085a00000, 0x0000000085b00000|  0%| F|  |TAMS 0x0000000085a00000, 0x0000000085a00000| Untracked 
|  91|0x0000000085b00000, 0x0000000085b00000, 0x0000000085c00000|  0%| F|  |TAMS 0x0000000085b00000, 0x0000000085b00000| Untracked 
|  92|0x0000000085c00000, 0x0000000085c00000, 0x0000000085d00000|  0%| F|  |TAMS 0x0000000085c00000, 0x0000000085c00000| Untracked 
|  93|0x0000000085d00000, 0x0000000085d00000, 0x0000000085e00000|  0%| F|  |TAMS 0x0000000085d00000, 0x0000000085d00000| Untracked 
|  94|0x0000000085e00000, 0x0000000085e00000, 0x0000000085f00000|  0%| F|  |TAMS 0x0000000085e00000, 0x0000000085e00000| Untracked 
|  95|0x0000000085f00000, 0x0000000085f00000, 0x0000000086000000|  0%| F|  |TAMS 0x0000000085f00000, 0x0000000085f00000| Untracked 
|  96|0x0000000086000000, 0x0000000086000000, 0x0000000086100000|  0%| F|  |TAMS 0x0000000086000000, 0x0000000086000000| Untracked 
|  97|0x0000000086100000, 0x0000000086100000, 0x0000000086200000|  0%| F|  |TAMS 0x0000000086100000, 0x0000000086100000| Untracked 
|  98|0x0000000086200000, 0x0000000086200000, 0x0000000086300000|  0%| F|  |TAMS 0x0000000086200000, 0x0000000086200000| Untracked 
|  99|0x0000000086300000, 0x0000000086300000, 0x0000000086400000|  0%| F|  |TAMS 0x0000000086300000, 0x0000000086300000| Untracked 
| 100|0x0000000086400000, 0x0000000086400000, 0x0000000086500000|  0%| F|  |TAMS 0x0000000086400000, 0x0000000086400000| Untracked 
| 101|0x0000000086500000, 0x0000000086500000, 0x0000000086600000|  0%| F|  |TAMS 0x0000000086500000, 0x0000000086500000| Untracked 
| 102|0x0000000086600000, 0x0000000086600000, 0x0000000086700000|  0%| F|  |TAMS 0x0000000086600000, 0x0000000086600000| Untracked 
| 103|0x0000000086700000, 0x0000000086700000, 0x0000000086800000|  0%| F|  |TAMS 0x0000000086700000, 0x0000000086700000| Untracked 
| 104|0x0000000086800000, 0x0000000086800000, 0x0000000086900000|  0%| F|  |TAMS 0x0000000086800000, 0x0000000086800000| Untracked 
| 105|0x0000000086900000, 0x0000000086900000, 0x0000000086a00000|  0%| F|  |TAMS 0x0000000086900000, 0x0000000086900000| Untracked 
| 106|0x0000000086a00000, 0x0000000086a00000, 0x0000000086b00000|  0%| F|  |TAMS 0x0000000086a00000, 0x0000000086a00000| Untracked 
| 107|0x0000000086b00000, 0x0000000086b00000, 0x0000000086c00000|  0%| F|  |TAMS 0x0000000086b00000, 0x0000000086b00000| Untracked 
| 108|0x0000000086c00000, 0x0000000086c00000, 0x0000000086d00000|  0%| F|  |TAMS 0x0000000086c00000, 0x0000000086c00000| Untracked 
| 109|0x0000000086d00000, 0x0000000086d00000, 0x0000000086e00000|  0%| F|  |TAMS 0x0000000086d00000, 0x0000000086d00000| Untracked 
| 110|0x0000000086e00000, 0x0000000086e00000, 0x0000000086f00000|  0%| F|  |TAMS 0x0000000086e00000, 0x0000000086e00000| Untracked 
| 111|0x0000000086f00000, 0x0000000086f00000, 0x0000000087000000|  0%| F|  |TAMS 0x0000000086f00000, 0x0000000086f00000| Untracked 
| 112|0x0000000087000000, 0x0000000087000000, 0x0000000087100000|  0%| F|  |TAMS 0x0000000087000000, 0x0000000087000000| Untracked 
| 113|0x0000000087100000, 0x0000000087100000, 0x0000000087200000|  0%| F|  |TAMS 0x0000000087100000, 0x0000000087100000| Untracked 
| 114|0x0000000087200000, 0x0000000087200000, 0x0000000087300000|  0%| F|  |TAMS 0x0000000087200000, 0x0000000087200000| Untracked 
| 115|0x0000000087300000, 0x0000000087300000, 0x0000000087400000|  0%| F|  |TAMS 0x0000000087300000, 0x0000000087300000| Untracked 
| 116|0x0000000087400000, 0x0000000087400000, 0x0000000087500000|  0%| F|  |TAMS 0x0000000087400000, 0x0000000087400000| Untracked 
| 117|0x0000000087500000, 0x0000000087500000, 0x0000000087600000|  0%| F|  |TAMS 0x0000000087500000, 0x0000000087500000| Untracked 
| 118|0x0000000087600000, 0x0000000087600000, 0x0000000087700000|  0%| F|  |TAMS 0x0000000087600000, 0x0000000087600000| Untracked 
| 119|0x0000000087700000, 0x0000000087700000, 0x0000000087800000|  0%| F|  |TAMS 0x0000000087700000, 0x0000000087700000| Untracked 
| 120|0x0000000087800000, 0x0000000087800000, 0x0000000087900000|  0%| F|  |TAMS 0x0000000087800000, 0x0000000087800000| Untracked 
| 121|0x0000000087900000, 0x0000000087925958, 0x0000000087a00000| 14%| S|CS|TAMS 0x0000000087900000, 0x0000000087900000| Complete 
| 122|0x0000000087a00000, 0x0000000087b00000, 0x0000000087b00000|100%| S|CS|TAMS 0x0000000087a00000, 0x0000000087a00000| Complete 
| 123|0x0000000087b00000, 0x0000000087c00000, 0x0000000087c00000|100%| S|CS|TAMS 0x0000000087b00000, 0x0000000087b00000| Complete 
| 124|0x0000000087c00000, 0x0000000087d00000, 0x0000000087d00000|100%| S|CS|TAMS 0x0000000087c00000, 0x0000000087c00000| Complete 
| 125|0x0000000087d00000, 0x0000000087e00000, 0x0000000087e00000|100%| S|CS|TAMS 0x0000000087d00000, 0x0000000087d00000| Complete 
| 126|0x0000000087e00000, 0x0000000087f00000, 0x0000000087f00000|100%| S|CS|TAMS 0x0000000087e00000, 0x0000000087e00000| Complete 
| 127|0x0000000087f00000, 0x0000000088000000, 0x0000000088000000|100%| S|CS|TAMS 0x0000000087f00000, 0x0000000087f00000| Complete 
| 128|0x0000000088000000, 0x0000000088000000, 0x0000000088100000|  0%| F|  |TAMS 0x0000000088000000, 0x0000000088000000| Untracked 
| 129|0x0000000088100000, 0x0000000088100000, 0x0000000088200000|  0%| F|  |TAMS 0x0000000088100000, 0x0000000088100000| Untracked 
| 130|0x0000000088200000, 0x0000000088200000, 0x0000000088300000|  0%| F|  |TAMS 0x0000000088200000, 0x0000000088200000| Untracked 
| 131|0x0000000088300000, 0x0000000088300000, 0x0000000088400000|  0%| F|  |TAMS 0x0000000088300000, 0x0000000088300000| Untracked 
| 132|0x0000000088400000, 0x0000000088400000, 0x0000000088500000|  0%| F|  |TAMS 0x0000000088400000, 0x0000000088400000| Untracked 
| 133|0x0000000088500000, 0x0000000088500000, 0x0000000088600000|  0%| F|  |TAMS 0x0000000088500000, 0x0000000088500000| Untracked 
| 134|0x0000000088600000, 0x0000000088600000, 0x0000000088700000|  0%| F|  |TAMS 0x0000000088600000, 0x0000000088600000| Untracked 
| 135|0x0000000088700000, 0x0000000088700000, 0x0000000088800000|  0%| F|  |TAMS 0x0000000088700000, 0x0000000088700000| Untracked 
| 136|0x0000000088800000, 0x0000000088800000, 0x0000000088900000|  0%| F|  |TAMS 0x0000000088800000, 0x0000000088800000| Untracked 
| 137|0x0000000088900000, 0x0000000088900000, 0x0000000088a00000|  0%| F|  |TAMS 0x0000000088900000, 0x0000000088900000| Untracked 
| 138|0x0000000088a00000, 0x0000000088a00000, 0x0000000088b00000|  0%| F|  |TAMS 0x0000000088a00000, 0x0000000088a00000| Untracked 
| 139|0x0000000088b00000, 0x0000000088b00000, 0x0000000088c00000|  0%| F|  |TAMS 0x0000000088b00000, 0x0000000088b00000| Untracked 
| 140|0x0000000088c00000, 0x0000000088c00000, 0x0000000088d00000|  0%| F|  |TAMS 0x0000000088c00000, 0x0000000088c00000| Untracked 
| 141|0x0000000088d00000, 0x0000000088d00000, 0x0000000088e00000|  0%| F|  |TAMS 0x0000000088d00000, 0x0000000088d00000| Untracked 
| 142|0x0000000088e00000, 0x0000000088e00000, 0x0000000088f00000|  0%| F|  |TAMS 0x0000000088e00000, 0x0000000088e00000| Untracked 
| 143|0x0000000088f00000, 0x0000000088f00000, 0x0000000089000000|  0%| F|  |TAMS 0x0000000088f00000, 0x0000000088f00000| Untracked 
| 144|0x0000000089000000, 0x0000000089000000, 0x0000000089100000|  0%| F|  |TAMS 0x0000000089000000, 0x0000000089000000| Untracked 
| 145|0x0000000089100000, 0x0000000089100000, 0x0000000089200000|  0%| F|  |TAMS 0x0000000089100000, 0x0000000089100000| Untracked 
| 146|0x0000000089200000, 0x0000000089200000, 0x0000000089300000|  0%| F|  |TAMS 0x0000000089200000, 0x0000000089200000| Untracked 
| 147|0x0000000089300000, 0x0000000089300000, 0x0000000089400000|  0%| F|  |TAMS 0x0000000089300000, 0x0000000089300000| Untracked 
| 148|0x0000000089400000, 0x0000000089400000, 0x0000000089500000|  0%| F|  |TAMS 0x0000000089400000, 0x0000000089400000| Untracked 
| 149|0x0000000089500000, 0x0000000089500000, 0x0000000089600000|  0%| F|  |TAMS 0x0000000089500000, 0x0000000089500000| Untracked 
| 150|0x0000000089600000, 0x0000000089600000, 0x0000000089700000|  0%| F|  |TAMS 0x0000000089600000, 0x0000000089600000| Untracked 
| 151|0x0000000089700000, 0x0000000089700000, 0x0000000089800000|  0%| F|  |TAMS 0x0000000089700000, 0x0000000089700000| Untracked 
| 152|0x0000000089800000, 0x0000000089800000, 0x0000000089900000|  0%| F|  |TAMS 0x0000000089800000, 0x0000000089800000| Untracked 
| 153|0x0000000089900000, 0x0000000089900000, 0x0000000089a00000|  0%| F|  |TAMS 0x0000000089900000, 0x0000000089900000| Untracked 
| 154|0x0000000089a00000, 0x0000000089a00000, 0x0000000089b00000|  0%| F|  |TAMS 0x0000000089a00000, 0x0000000089a00000| Untracked 
| 155|0x0000000089b00000, 0x0000000089b00000, 0x0000000089c00000|  0%| F|  |TAMS 0x0000000089b00000, 0x0000000089b00000| Untracked 
| 156|0x0000000089c00000, 0x0000000089c00000, 0x0000000089d00000|  0%| F|  |TAMS 0x0000000089c00000, 0x0000000089c00000| Untracked 
| 157|0x0000000089d00000, 0x0000000089d00000, 0x0000000089e00000|  0%| F|  |TAMS 0x0000000089d00000, 0x0000000089d00000| Untracked 
| 158|0x0000000089e00000, 0x0000000089e00000, 0x0000000089f00000|  0%| F|  |TAMS 0x0000000089e00000, 0x0000000089e00000| Untracked 
| 159|0x0000000089f00000, 0x0000000089f00000, 0x000000008a000000|  0%| F|  |TAMS 0x0000000089f00000, 0x0000000089f00000| Untracked 
| 160|0x000000008a000000, 0x000000008a000000, 0x000000008a100000|  0%| F|  |TAMS 0x000000008a000000, 0x000000008a000000| Untracked 
| 161|0x000000008a100000, 0x000000008a100000, 0x000000008a200000|  0%| F|  |TAMS 0x000000008a100000, 0x000000008a100000| Untracked 
| 162|0x000000008a200000, 0x000000008a2a5e68, 0x000000008a300000| 64%| E|  |TAMS 0x000000008a200000, 0x000000008a200000| Complete 
| 163|0x000000008a300000, 0x000000008a400000, 0x000000008a400000|100%| E|CS|TAMS 0x000000008a300000, 0x000000008a300000| Complete 
| 164|0x000000008a400000, 0x000000008a500000, 0x000000008a500000|100%| E|CS|TAMS 0x000000008a400000, 0x000000008a400000| Complete 
| 165|0x000000008a500000, 0x000000008a600000, 0x000000008a600000|100%| E|CS|TAMS 0x000000008a500000, 0x000000008a500000| Complete 
| 166|0x000000008a600000, 0x000000008a700000, 0x000000008a700000|100%| E|CS|TAMS 0x000000008a600000, 0x000000008a600000| Complete 
| 167|0x000000008a700000, 0x000000008a800000, 0x000000008a800000|100%| E|CS|TAMS 0x000000008a700000, 0x000000008a700000| Complete 
| 168|0x000000008a800000, 0x000000008a900000, 0x000000008a900000|100%| E|CS|TAMS 0x000000008a800000, 0x000000008a800000| Complete 
| 169|0x000000008a900000, 0x000000008aa00000, 0x000000008aa00000|100%| E|CS|TAMS 0x000000008a900000, 0x000000008a900000| Complete 
| 170|0x000000008aa00000, 0x000000008ab00000, 0x000000008ab00000|100%| E|CS|TAMS 0x000000008aa00000, 0x000000008aa00000| Complete 
| 171|0x000000008ab00000, 0x000000008ac00000, 0x000000008ac00000|100%| E|CS|TAMS 0x000000008ab00000, 0x000000008ab00000| Complete 
| 172|0x000000008ac00000, 0x000000008ad00000, 0x000000008ad00000|100%| E|CS|TAMS 0x000000008ac00000, 0x000000008ac00000| Complete 
| 173|0x000000008ad00000, 0x000000008ae00000, 0x000000008ae00000|100%| E|CS|TAMS 0x000000008ad00000, 0x000000008ad00000| Complete 
| 174|0x000000008ae00000, 0x000000008af00000, 0x000000008af00000|100%| E|CS|TAMS 0x000000008ae00000, 0x000000008ae00000| Complete 
| 175|0x000000008af00000, 0x000000008b000000, 0x000000008b000000|100%| E|CS|TAMS 0x000000008af00000, 0x000000008af00000| Complete 
| 176|0x000000008b000000, 0x000000008b100000, 0x000000008b100000|100%| E|CS|TAMS 0x000000008b000000, 0x000000008b000000| Complete 
| 177|0x000000008b100000, 0x000000008b200000, 0x000000008b200000|100%| E|CS|TAMS 0x000000008b100000, 0x000000008b100000| Complete 
| 178|0x000000008b200000, 0x000000008b300000, 0x000000008b300000|100%| E|CS|TAMS 0x000000008b200000, 0x000000008b200000| Complete 
| 179|0x000000008b300000, 0x000000008b400000, 0x000000008b400000|100%| E|CS|TAMS 0x000000008b300000, 0x000000008b300000| Complete 
| 180|0x000000008b400000, 0x000000008b500000, 0x000000008b500000|100%| E|CS|TAMS 0x000000008b400000, 0x000000008b400000| Complete 
| 181|0x000000008b500000, 0x000000008b600000, 0x000000008b600000|100%| E|CS|TAMS 0x000000008b500000, 0x000000008b500000| Complete 
| 182|0x000000008b600000, 0x000000008b700000, 0x000000008b700000|100%| E|CS|TAMS 0x000000008b600000, 0x000000008b600000| Complete 
| 183|0x000000008b700000, 0x000000008b800000, 0x000000008b800000|100%| E|CS|TAMS 0x000000008b700000, 0x000000008b700000| Complete 
| 184|0x000000008b800000, 0x000000008b900000, 0x000000008b900000|100%| E|CS|TAMS 0x000000008b800000, 0x000000008b800000| Complete 
| 185|0x000000008b900000, 0x000000008ba00000, 0x000000008ba00000|100%| E|CS|TAMS 0x000000008b900000, 0x000000008b900000| Complete 
| 186|0x000000008ba00000, 0x000000008bb00000, 0x000000008bb00000|100%| E|  |TAMS 0x000000008ba00000, 0x000000008ba00000| Complete 
| 187|0x000000008bb00000, 0x000000008bc00000, 0x000000008bc00000|100%| E|CS|TAMS 0x000000008bb00000, 0x000000008bb00000| Complete 
| 188|0x000000008bc00000, 0x000000008bd00000, 0x000000008bd00000|100%| E|CS|TAMS 0x000000008bc00000, 0x000000008bc00000| Complete 
| 189|0x000000008bd00000, 0x000000008be00000, 0x000000008be00000|100%| E|CS|TAMS 0x000000008bd00000, 0x000000008bd00000| Complete 

Card table byte_map: [0x000002aa7ba20000,0x000002aa7be20000] _byte_map_base: 0x000002aa7b620000

Marking Bits (Prev, Next): (CMBitMap*) 0x000002aa68b5a858, (CMBitMap*) 0x000002aa68b5a890
 Prev Bits: [0x000002aa7c220000, 0x000002aa7e220000)
 Next Bits: [0x000002aa00000000, 0x000002aa02000000)

Polling page: 0x000002aa68300000

Metaspace:

Usage:
  Non-class:     31.90 MB capacity,    31.36 MB ( 98%) used,   469.04 KB (  1%) free+waste,    80.38 KB ( <1%) overhead. 
      Class:      4.97 MB capacity,     4.64 MB ( 93%) used,   294.73 KB (  6%) free+waste,    38.81 KB ( <1%) overhead. 
       Both:     36.87 MB capacity,    36.00 MB ( 98%) used,   763.77 KB (  2%) free+waste,   119.19 KB ( <1%) overhead. 

Virtual space:
  Non-class space:       34.00 MB reserved,      32.12 MB ( 94%) committed 
      Class space:        1.00 GB reserved,       5.00 MB ( <1%) committed 
             Both:        1.03 GB reserved,      37.12 MB (  4%) committed 

Chunk freelists:
   Non-Class:  37.00 KB
       Class:  0 bytes
        Both:  37.00 KB

MaxMetaspaceSize: 17179869184.00 GB
CompressedClassSpaceSize: 1.00 GB

CodeHeap 'non-profiled nmethods': size=120064Kb used=1643Kb max_used=1643Kb free=118420Kb
 bounds [0x000002aa740e0000, 0x000002aa74350000, 0x000002aa7b620000]
CodeHeap 'profiled nmethods': size=120000Kb used=6793Kb max_used=6793Kb free=113207Kb
 bounds [0x000002aa6cbb0000, 0x000002aa6d260000, 0x000002aa740e0000]
CodeHeap 'non-nmethods': size=5696Kb used=1508Kb max_used=1532Kb free=4187Kb
 bounds [0x000002aa6c620000, 0x000002aa6c890000, 0x000002aa6cbb0000]
 total_blobs=3894 nmethods=3276 adapters=529
 compilation: enabled
              stopped_count=0, restarted_count=0
 full_count=0

Compilation events (20 events):
Event: 10.140 Thread 0x000002aa7efa6000 nmethod 3261 0x000002aa6d243a90 code [0x000002aa6d243c40, 0x000002aa6d243d58]
Event: 10.143 Thread 0x000002aa05e0a000 3262       4       java.util.Collections$SetFromMap::add (22 bytes)
Event: 10.144 Thread 0x000002aa7efa5000 nmethod 3198 0x000002aa74277510 code [0x000002aa742776c0, 0x000002aa74277a98]
Event: 10.145 Thread 0x000002aa05e0a000 nmethod 3262 0x000002aa74277d10 code [0x000002aa74277ec0, 0x000002aa74277f88]
Event: 10.165 Thread 0x000002aa7efa5000 3263       4       java.util.zip.ZipFile$ZipFileInputStream::<init> (96 bytes)
Event: 10.166 Thread 0x000002aa05e0a000 3264   !   4       java.util.zip.ZipFile::getInputStream (323 bytes)
Event: 10.176 Thread 0x000002aa7efa5000 nmethod 3263 0x000002aa74278090 code [0x000002aa74278240, 0x000002aa74278598]
Event: 10.176 Thread 0x000002aa7efa5000 3265       4       java.util.zip.InflaterInputStream::<init> (79 bytes)
Event: 10.193 Thread 0x000002aa7efa6000 3267       3       java.util.concurrent.ConcurrentLinkedQueue::poll (84 bytes)
Event: 10.197 Thread 0x000002aa7efa5000 nmethod 3265 0x000002aa74278810 code [0x000002aa742789c0, 0x000002aa74279058]
Event: 10.197 Thread 0x000002aa7efa5000 3266       4       java.util.zip.ZipFile$InflaterCleanupAction::run (12 bytes)
Event: 10.199 Thread 0x000002aa7efa6000 nmethod 3267 0x000002aa6d243e10 code [0x000002aa6d244460, 0x000002aa6d2478a8]
Event: 10.199 Thread 0x000002aa7efa6000 3268       3       java.util.concurrent.ConcurrentLinkedQueue::updateHead (26 bytes)
Event: 10.202 Thread 0x000002aa7efa6000 nmethod 3268 0x000002aa6d248790 code [0x000002aa6d248b00, 0x000002aa6d249f68]
Event: 10.220 Thread 0x000002aa7efa5000 nmethod 3266 0x000002aa74279210 code [0x000002aa742793e0, 0x000002aa74279dd8]
Event: 10.257 Thread 0x000002aa7efa6000 3269       3       java.util.concurrent.locks.LockSupport::parkNanos (29 bytes)
Event: 10.258 Thread 0x000002aa7efa6000 nmethod 3269 0x000002aa6d24a590 code [0x000002aa6d24a760, 0x000002aa6d24aa88]
Event: 10.289 Thread 0x000002aa7efa6000 3270       3       java.util.concurrent.locks.AbstractQueuedSynchronizer$Node::predecessor (19 bytes)
Event: 10.290 Thread 0x000002aa7efa6000 nmethod 3270 0x000002aa6d24ab90 code [0x000002aa6d24ad60, 0x000002aa6d24af48]
Event: 10.304 Thread 0x000002aa7efa6000 3271       3       java.util.concurrent.locks.AbstractQueuedSynchronizer$ConditionObject::awaitNanos (181 bytes)

GC Heap History (14 events):
Event: 1.139 GC heap before
{Heap before GC invocations=0 (full 0):
 garbage-first heap   total 194560K, used 19456K [0x0000000080000000, 0x0000000100000000)
  region size 1024K, 14 young (14336K), 0 survivors (0K)
 Metaspace       used 6747K, capacity 6925K, committed 7168K, reserved 1056768K
  class space    used 582K, capacity 650K, committed 768K, reserved 1048576K
}
Event: 1.145 GC heap after
{Heap after GC invocations=1 (full 0):
 garbage-first heap   total 194560K, used 7815K [0x0000000080000000, 0x0000000100000000)
  region size 1024K, 2 young (2048K), 2 survivors (2048K)
 Metaspace       used 6747K, capacity 6925K, committed 7168K, reserved 1056768K
  class space    used 582K, capacity 650K, committed 768K, reserved 1048576K
}
Event: 1.704 GC heap before
{Heap before GC invocations=1 (full 0):
 garbage-first heap   total 194560K, used 20103K [0x0000000080000000, 0x0000000100000000)
  region size 1024K, 14 young (14336K), 2 survivors (2048K)
 Metaspace       used 10288K, capacity 10553K, committed 10624K, reserved 1058816K
  class space    used 1070K, capacity 1139K, committed 1152K, reserved 1048576K
}
Event: 1.710 GC heap after
{Heap after GC invocations=2 (full 0):
 garbage-first heap   total 194560K, used 9256K [0x0000000080000000, 0x0000000100000000)
  region size 1024K, 2 young (2048K), 2 survivors (2048K)
 Metaspace       used 10288K, capacity 10553K, committed 10624K, reserved 1058816K
  class space    used 1070K, capacity 1139K, committed 1152K, reserved 1048576K
}
Event: 2.513 GC heap before
{Heap before GC invocations=2 (full 0):
 garbage-first heap   total 194560K, used 37928K [0x0000000080000000, 0x0000000100000000)
  region size 1024K, 30 young (30720K), 2 survivors (2048K)
 Metaspace       used 11227K, capacity 11508K, committed 11776K, reserved 1060864K
  class space    used 1173K, capacity 1244K, committed 1280K, reserved 1048576K
}
Event: 2.522 GC heap after
{Heap after GC invocations=3 (full 0):
 garbage-first heap   total 194560K, used 12311K [0x0000000080000000, 0x0000000100000000)
  region size 1024K, 4 young (4096K), 4 survivors (4096K)
 Metaspace       used 11227K, capacity 11508K, committed 11776K, reserved 1060864K
  class space    used 1173K, capacity 1244K, committed 1280K, reserved 1048576K
}
Event: 5.531 GC heap before
{Heap before GC invocations=3 (full 0):
 garbage-first heap   total 194560K, used 68631K [0x0000000080000000, 0x0000000100000000)
  region size 1024K, 59 young (60416K), 4 survivors (4096K)
 Metaspace       used 19338K, capacity 19746K, committed 19968K, reserved 1067008K
  class space    used 2352K, capacity 2484K, committed 2560K, reserved 1048576K
}
Event: 5.543 GC heap after
{Heap after GC invocations=4 (full 0):
 garbage-first heap   total 194560K, used 16092K [0x0000000080000000, 0x0000000100000000)
  region size 1024K, 8 young (8192K), 8 survivors (8192K)
 Metaspace       used 19338K, capacity 19746K, committed 19968K, reserved 1067008K
  class space    used 2352K, capacity 2484K, committed 2560K, reserved 1048576K
}
Event: 5.779 GC heap before
{Heap before GC invocations=4 (full 0):
 garbage-first heap   total 194560K, used 27356K [0x0000000080000000, 0x0000000100000000)
  region size 1024K, 20 young (20480K), 8 survivors (8192K)
 Metaspace       used 20663K, capacity 21104K, committed 21296K, reserved 1069056K
  class space    used 2532K, capacity 2660K, committed 2688K, reserved 1048576K
}
Event: 5.792 GC heap after
{Heap after GC invocations=5 (full 0):
 garbage-first heap   total 194560K, used 17383K [0x0000000080000000, 0x0000000100000000)
  region size 1024K, 6 young (6144K), 6 survivors (6144K)
 Metaspace       used 20663K, capacity 21104K, committed 21296K, reserved 1069056K
  class space    used 2532K, capacity 2660K, committed 2688K, reserved 1048576K
}
Event: 7.237 GC heap before
{Heap before GC invocations=6 (full 0):
 garbage-first heap   total 194560K, used 69607K [0x0000000080000000, 0x0000000100000000)
  region size 1024K, 57 young (58368K), 6 survivors (6144K)
 Metaspace       used 26050K, capacity 26700K, committed 26928K, reserved 1073152K
  class space    used 3402K, capacity 3617K, committed 3712K, reserved 1048576K
}
Event: 7.249 GC heap after
{Heap after GC invocations=7 (full 0):
 garbage-first heap   total 194560K, used 19203K [0x0000000080000000, 0x0000000100000000)
  region size 1024K, 3 young (3072K), 3 survivors (3072K)
 Metaspace       used 26050K, capacity 26700K, committed 26928K, reserved 1073152K
  class space    used 3402K, capacity 3617K, committed 3712K, reserved 1048576K
}
Event: 9.516 GC heap before
{Heap before GC invocations=7 (full 0):
 garbage-first heap   total 194560K, used 78595K [0x0000000080000000, 0x0000000100000000)
  region size 1024K, 62 young (63488K), 3 survivors (3072K)
 Metaspace       used 34870K, capacity 35648K, committed 35708K, reserved 1081344K
  class space    used 4535K, capacity 4861K, committed 4864K, reserved 1048576K
}
Event: 9.540 GC heap after
{Heap after GC invocations=8 (full 0):
 garbage-first heap   total 194560K, used 22509K [0x0000000080000000, 0x0000000100000000)
  region size 1024K, 7 young (7168K), 7 survivors (7168K)
 Metaspace       used 34870K, capacity 35648K, committed 35708K, reserved 1081344K
  class space    used 4535K, capacity 4861K, committed 4864K, reserved 1048576K
}

Deoptimization events (20 events):
Event: 10.030 Thread 0x000002aa05327800 Uncommon trap: trap_request=0xffffffbe fr.pc=0x000002aa7426b81c relative=0x000000000000099c
Event: 10.030 Thread 0x000002aa05327800 Uncommon trap: reason=profile_predicate action=maybe_recompile pc=0x000002aa7426b81c method=jdk.internal.jimage.ImageStringsReader.charsFromByteBuffer([CLjava/nio/ByteBuffer;)V @ 6 c2
Event: 10.030 Thread 0x000002aa05327800 DEOPT PACKING pc=0x000002aa7426b81c sp=0x000000e0e75f8990
Event: 10.030 Thread 0x000002aa05327800 DEOPT UNPACKING pc=0x000002aa6c64662f sp=0x000000e0e75f8798 mode 2
Event: 10.030 Thread 0x000002aa05327800 Uncommon trap: trap_request=0xffffffbe fr.pc=0x000002aa7426b81c relative=0x000000000000099c
Event: 10.030 Thread 0x000002aa05327800 Uncommon trap: reason=profile_predicate action=maybe_recompile pc=0x000002aa7426b81c method=jdk.internal.jimage.ImageStringsReader.charsFromByteBuffer([CLjava/nio/ByteBuffer;)V @ 6 c2
Event: 10.030 Thread 0x000002aa05327800 DEOPT PACKING pc=0x000002aa7426b81c sp=0x000000e0e75f8990
Event: 10.030 Thread 0x000002aa05327800 DEOPT UNPACKING pc=0x000002aa6c64662f sp=0x000000e0e75f8798 mode 2
Event: 10.038 Thread 0x000002aa05327800 DEOPT PACKING pc=0x000002aa6d1ff998 sp=0x000000e0e75f8dd0
Event: 10.038 Thread 0x000002aa05327800 DEOPT UNPACKING pc=0x000002aa6c646dde sp=0x000000e0e75f82e0 mode 0
Event: 10.038 Thread 0x000002aa05327800 Uncommon trap: trap_request=0xffffffbe fr.pc=0x000002aa7426d2c8 relative=0x0000000000000968
Event: 10.038 Thread 0x000002aa05327800 Uncommon trap: reason=profile_predicate action=maybe_recompile pc=0x000002aa7426d2c8 method=jdk.internal.jimage.ImageStringsReader.charsFromByteBuffer([CLjava/nio/ByteBuffer;)V @ 6 c2
Event: 10.038 Thread 0x000002aa05327800 DEOPT PACKING pc=0x000002aa7426d2c8 sp=0x000000e0e75f8b60
Event: 10.038 Thread 0x000002aa05327800 DEOPT UNPACKING pc=0x000002aa6c64662f sp=0x000000e0e75f8a38 mode 2
Event: 10.043 Thread 0x000002aa05327800 DEOPT PACKING pc=0x000002aa6d1ff998 sp=0x000000e0e75f8dd0
Event: 10.043 Thread 0x000002aa05327800 DEOPT UNPACKING pc=0x000002aa6c646dde sp=0x000000e0e75f82e0 mode 0
Event: 10.099 Thread 0x000002aa05327800 Uncommon trap: trap_request=0xffffffbe fr.pc=0x000002aa74253a94 relative=0x0000000000003c74
Event: 10.099 Thread 0x000002aa05327800 Uncommon trap: reason=profile_predicate action=maybe_recompile pc=0x000002aa74253a94 method=java.util.AbstractCollection.addAll(Ljava/util/Collection;)Z @ 15 c2
Event: 10.099 Thread 0x000002aa05327800 DEOPT PACKING pc=0x000002aa74253a94 sp=0x000000e0e75fa540
Event: 10.099 Thread 0x000002aa05327800 DEOPT UNPACKING pc=0x000002aa6c64662f sp=0x000000e0e75fa558 mode 2

Classes redefined (0 events):
No events

Internal exceptions (20 events):
Event: 8.013 Thread 0x000002aa05327800 Exception <a 'java/lang/IncompatibleClassChangeError'{0x000000008a0fa410}: Found class java.lang.Object, but interface was expected> (0x000000008a0fa410) thrown at [./src/hotspot/share/interpreter/linkResolver.cpp, line 839]
Event: 8.106 Thread 0x000002aa05327800 Exception <a 'java/lang/NoSuchMethodError'{0x0000000089ca1e78}: 'int java.lang.invoke.DirectMethodHandle$Holder.invokeVirtual(java.lang.Object, java.lang.Object)'> (0x0000000089ca1e78) thrown at [./src/hotspot/share/interpreter/linkResolver.cpp, line 773]
Event: 8.652 Thread 0x000002aa05327800 Exception <a 'java/lang/NoSuchMethodError'{0x0000000088c7ffe8}: 'void java.lang.invoke.DirectMethodHandle$Holder.invokeStaticInit(java.lang.Object, java.lang.Object, java.lang.Object)'> (0x0000000088c7ffe8) thrown at [./src/hotspot/share/interpreter/linkResolver.cpp, line 773]
Event: 8.654 Thread 0x000002aa05327800 Exception <a 'java/lang/NoSuchMethodError'{0x0000000088c87028}: 'void java.lang.invoke.DirectMethodHandle$Holder.invokeStaticInit(java.lang.Object, java.lang.Object, java.lang.Object, java.lang.Object)'> (0x0000000088c87028) thrown at [./src/hotspot/share/interpreter/linkResolver.cpp, line 773]
Event: 8.684 Thread 0x000002aa05327800 Exception <a 'java/lang/NoSuchMethodError'{0x0000000088ca9680}: 'void java.lang.invoke.DirectMethodHandle$Holder.invokeStaticInit(java.lang.Object, java.lang.Object, java.lang.Object, java.lang.Object, java.lang.Object)'> (0x0000000088ca9680) thrown at [./src/hotspot/share/interpreter/linkResolver.cpp, line 773]
Event: 8.828 Thread 0x000002aa05327800 Exception <a 'java/lang/NoSuchMethodError'{0x0000000088b0be78}: 'int java.lang.invoke.DirectMethodHandle$Holder.invokeStaticInit(java.lang.Object, java.lang.Object, java.lang.Object, java.lang.Object)'> (0x0000000088b0be78) thrown at [./src/hotspot/share/interpreter/linkResolver.cpp, line 773]
Event: 9.449 Thread 0x000002aa05327800 Exception <a 'java/lang/NoSuchMethodError'{0x000000008816d398}: 'java.lang.Object java.lang.invoke.DirectMethodHandle$Holder.invokeStatic(java.lang.Object, java.lang.Object, java.lang.Object, java.lang.Object, java.lang.Object, java.lang.Object, java.lang.Object, java.lang.Object, java.lang.Object, java.lang.Object, java.lang.Object, int)'> (0x000000008816d398) thrown at [./src/hotspot/share/interpreter/linkResolver.cpp, line 773]
Event: 9.453 Thread 0x000002aa05327800 Exception <a 'java/lang/NoSuchMethodError'{0x000000008818bf78}: 'java.lang.Object java.lang.invoke.DirectMethodHandle$Holder.invokeStatic(java.lang.Object, java.lang.Object, java.lang.Object, java.lang.Object, java.lang.Object, java.lang.Object, java.lang.Object, java.lang.Object, java.lang.Object, java.lang.Object, java.lang.Object, int, int)'> (0x000000008818bf78) thrown at [./src/hotspot/share/interpreter/linkResolver.cpp, line 773]
Event: 9.459 Thread 0x000002aa05327800 Exception <a 'java/lang/NoSuchMethodError'{0x00000000881ab7a8}: 'java.lang.Object java.lang.invoke.DirectMethodHandle$Holder.invokeStatic(java.lang.Object, java.lang.Object, java.lang.Object, java.lang.Object, java.lang.Object, java.lang.Object, java.lang.Object, java.lang.Object, java.lang.Object, java.lang.Object, java.lang.Object, int, int, java.lang.Object)'> (0x00000000881ab7a8) thrown at [./src/hotspot/share/interpreter/linkResolver.cpp, line 773]
Event: 9.474 Thread 0x000002aa05327800 Exception <a 'java/lang/NoSuchMethodError'{0x00000000881cc8a0}: 'java.lang.Object java.lang.invoke.DirectMethodHandle$Holder.invokeStatic(java.lang.Object, java.lang.Object, java.lang.Object, java.lang.Object, java.lang.Object, java.lang.Object, java.lang.Object, java.lang.Object, java.lang.Object, java.lang.Object, java.lang.Object, int, int, java.lang.Object, java.lang.Object)'> (0x00000000881cc8a0) thrown at [./src/hotspot/share/interpreter/linkResolver.cpp, line 773]
Event: 9.480 Thread 0x000002aa05327800 Exception <a 'java/lang/ClassNotFoundException'{0x00000000881fc8d8}: groovy/lang/ExpandoMetaClassBeanInfo> (0x00000000881fc8d8) thrown at [./src/hotspot/share/classfile/systemDictionary.cpp, line 231]
Event: 9.482 Thread 0x000002aa05327800 Exception <a 'java/lang/ClassNotFoundException'{0x000000008801d038}: groovy/lang/MetaClassImplBeanInfo> (0x000000008801d038) thrown at [./src/hotspot/share/classfile/systemDictionary.cpp, line 231]
Event: 9.482 Thread 0x000002aa05327800 Exception <a 'java/lang/ClassNotFoundException'{0x00000000880269a8}: java/lang/ObjectBeanInfo> (0x00000000880269a8) thrown at [./src/hotspot/share/classfile/systemDictionary.cpp, line 231]
Event: 9.484 Thread 0x000002aa05327800 Exception <a 'java/lang/ClassNotFoundException'{0x00000000880324b0}: java/lang/ObjectCustomizer> (0x00000000880324b0) thrown at [./src/hotspot/share/classfile/systemDictionary.cpp, line 231]
Event: 9.499 Thread 0x000002aa05327800 Exception <a 'java/lang/ClassNotFoundException'{0x0000000088059510}: groovy/lang/MetaClassImplCustomizer> (0x0000000088059510) thrown at [./src/hotspot/share/classfile/systemDictionary.cpp, line 231]
Event: 9.507 Thread 0x000002aa05327800 Exception <a 'java/lang/ClassNotFoundException'{0x0000000088099430}: groovy/lang/ExpandoMetaClassCustomizer> (0x0000000088099430) thrown at [./src/hotspot/share/classfile/systemDictionary.cpp, line 231]
Event: 10.089 Thread 0x000002aa05327800 Exception <a 'java/lang/ClassNotFoundException'{0x000000008a5cf498}: org/gradle/internal/extensibility/DefaultExtraPropertiesExtensionBeanInfo> (0x000000008a5cf498) thrown at [./src/hotspot/share/classfile/systemDictionary.cpp, line 231]
Event: 10.093 Thread 0x000002aa05327800 Exception <a 'java/lang/ClassNotFoundException'{0x000000008a5f0978}: groovy/lang/GroovyObjectSupportBeanInfo> (0x000000008a5f0978) thrown at [./src/hotspot/share/classfile/systemDictionary.cpp, line 231]
Event: 10.095 Thread 0x000002aa05327800 Exception <a 'java/lang/ClassNotFoundException'{0x000000008a412330}: groovy/lang/GroovyObjectSupportCustomizer> (0x000000008a412330) thrown at [./src/hotspot/share/classfile/systemDictionary.cpp, line 231]
Event: 10.098 Thread 0x000002aa05327800 Exception <a 'java/lang/ClassNotFoundException'{0x000000008a43a0c8}: org/gradle/internal/extensibility/DefaultExtraPropertiesExtensionCustomizer> (0x000000008a43a0c8) thrown at [./src/hotspot/share/classfile/systemDictionary.cpp, line 231]

Events (20 events):
Event: 10.221 loading class com/google/common/collect/MapMakerInternalMap$WeakKeyDummyValueEntry done
Event: 10.221 loading class com/google/common/collect/MapMakerInternalMap$StrongValueEntry
Event: 10.221 loading class com/google/common/collect/MapMakerInternalMap$StrongValueEntry done
Event: 10.222 loading class com/google/common/collect/MapMakerInternalMap$AbstractWeakKeyEntry
Event: 10.222 loading class com/google/common/collect/MapMakerInternalMap$AbstractWeakKeyEntry done
Event: 10.222 loading class org/gradle/groovy/scripts/internal/NoDataCompileOperation
Event: 10.222 loading class org/gradle/groovy/scripts/internal/NoDataCompileOperation done
Event: 10.223 loading class org/gradle/initialization/SettingsScript
Event: 10.223 loading class org/gradle/initialization/SettingsScript done
Event: 10.223 loading class org/gradle/plugin/use/internal/PluginsAwareScript
Event: 10.223 loading class org/gradle/plugin/use/internal/PluginsAwareScript done
Event: 10.223 loading class org/gradle/groovy/scripts/DefaultScript
Event: 10.223 loading class org/gradle/groovy/scripts/DefaultScript done
Event: 10.224 loading class org/gradle/groovy/scripts/BasicScript
Event: 10.224 loading class org/gradle/groovy/scripts/BasicScript done
Event: 10.225 loading class org/gradle/api/Script
Event: 10.225 loading class org/gradle/api/Script done
Event: 10.238 loading class org/gradle/internal/scripts/GradleScript
Event: 10.238 loading class org/gradle/internal/scripts/GradleScript done
Event: 10.385 Loaded shared library C:\Program Files\Android\Android Studio\jre\bin\java.dll


Dynamic libraries:
0x00007ff6aa480000 - 0x00007ff6aa48a000 	C:\Program Files\Android\Android Studio\jre\bin\java.exe
0x00007ff9c3250000 - 0x00007ff9c3445000 	C:\Windows\SYSTEM32\ntdll.dll
0x00007ff9c2fa0000 - 0x00007ff9c305d000 	C:\Windows\System32\KERNEL32.DLL
0x00007ff9c0ba0000 - 0x00007ff9c0e6d000 	C:\Windows\System32\KERNELBASE.dll
0x00007ff9c0a30000 - 0x00007ff9c0b30000 	C:\Windows\System32\ucrtbase.dll
0x00007ff9b8d30000 - 0x00007ff9b8d47000 	C:\Program Files\Android\Android Studio\jre\bin\VCRUNTIME140.dll
0x00007ff9b1320000 - 0x00007ff9b1339000 	C:\Program Files\Android\Android Studio\jre\bin\jli.dll
0x00007ff9c1ca0000 - 0x00007ff9c1e40000 	C:\Windows\System32\USER32.dll
0x00007ff9b6da0000 - 0x00007ff9b703a000 	C:\Windows\WinSxS\amd64_microsoft.windows.common-controls_6595b64144ccf1df_6.0.19041.1110_none_60b5254171f9507e\COMCTL32.dll
0x00007ff9c0fd0000 - 0x00007ff9c0ff2000 	C:\Windows\System32\win32u.dll
0x00007ff9c31e0000 - 0x00007ff9c320a000 	C:\Windows\System32\GDI32.dll
0x00007ff9c2dc0000 - 0x00007ff9c2e5e000 	C:\Windows\System32\msvcrt.dll
0x00007ff9c10b0000 - 0x00007ff9c11bb000 	C:\Windows\System32\gdi32full.dll
0x00007ff9c0990000 - 0x00007ff9c0a2d000 	C:\Windows\System32\msvcp_win.dll
0x00007ff9c2ec0000 - 0x00007ff9c2ef0000 	C:\Windows\System32\IMM32.DLL
0x00007ff999400000 - 0x00007ff99949d000 	C:\Program Files\Android\Android Studio\jre\bin\msvcp140.dll
0x00007ff976a80000 - 0x00007ff977555000 	C:\Program Files\Android\Android Studio\jre\bin\server\jvm.dll
0x00007ff9c1710000 - 0x00007ff9c17be000 	C:\Windows\System32\ADVAPI32.dll
0x00007ff9c12b0000 - 0x00007ff9c134c000 	C:\Windows\System32\sechost.dll
0x00007ff9c2b00000 - 0x00007ff9c2c25000 	C:\Windows\System32\RPCRT4.dll
0x00007ff9c28a0000 - 0x00007ff9c28a8000 	C:\Windows\System32\PSAPI.DLL
0x00007ff9bc650000 - 0x00007ff9bc659000 	C:\Windows\SYSTEM32\WSOCK32.dll
0x00007ff9a7de0000 - 0x00007ff9a7e07000 	C:\Windows\SYSTEM32\WINMM.dll
0x00007ff9c2700000 - 0x00007ff9c276b000 	C:\Windows\System32\WS2_32.dll
0x00007ff9bc6d0000 - 0x00007ff9bc6da000 	C:\Windows\SYSTEM32\VERSION.dll
0x00007ff9be860000 - 0x00007ff9be872000 	C:\Windows\SYSTEM32\kernel.appcore.dll
0x00007ff9bc000000 - 0x00007ff9bc011000 	C:\Program Files\Android\Android Studio\jre\bin\verify.dll
0x00007ff9b0530000 - 0x00007ff9b0714000 	C:\Windows\SYSTEM32\DBGHELP.DLL
0x00007ff9a87e0000 - 0x00007ff9a880c000 	C:\Windows\SYSTEM32\dbgcore.DLL
0x00007ff9c11c0000 - 0x00007ff9c1242000 	C:\Windows\System32\bcryptPrimitives.dll
0x00007ff9ac600000 - 0x00007ff9ac629000 	C:\Program Files\Android\Android Studio\jre\bin\java.dll
0x00007ff9bc640000 - 0x00007ff9bc64b000 	C:\Program Files\Android\Android Studio\jre\bin\jimage.dll
0x00007ff9b7420000 - 0x00007ff9b7438000 	C:\Program Files\Android\Android Studio\jre\bin\zip.dll
0x00007ff9c1f10000 - 0x00007ff9c2654000 	C:\Windows\System32\SHELL32.dll
0x00007ff9bea60000 - 0x00007ff9bf1f4000 	C:\Windows\SYSTEM32\windows.storage.dll
0x00007ff9c1350000 - 0x00007ff9c16a4000 	C:\Windows\System32\combase.dll
0x00007ff9c02f0000 - 0x00007ff9c031c000 	C:\Windows\SYSTEM32\Wldp.dll
0x00007ff9c2ef0000 - 0x00007ff9c2f9d000 	C:\Windows\System32\SHCORE.dll
0x00007ff9c3180000 - 0x00007ff9c31d5000 	C:\Windows\System32\shlwapi.dll
0x00007ff9c08a0000 - 0x00007ff9c08bf000 	C:\Windows\SYSTEM32\profapi.dll
0x00007ff9b73b0000 - 0x00007ff9b73ca000 	C:\Program Files\Android\Android Studio\jre\bin\net.dll
0x00007ff9b89c0000 - 0x00007ff9b8aca000 	C:\Windows\SYSTEM32\WINHTTP.dll
0x00007ff9c0050000 - 0x00007ff9c00ba000 	C:\Windows\system32\mswsock.dll
0x00007ff9b1020000 - 0x00007ff9b1034000 	C:\Program Files\Android\Android Studio\jre\bin\nio.dll
0x00007ff9b1460000 - 0x00007ff9b1487000 	C:\Users\Luis\.gradle\native\e1d6ef7f7dcc3fd88c89a11ec53ec762bb8ba0a96d01ffa2cd45eb1d1d8dd5c5\windows-amd64\native-platform.dll
0x00007ff9885a0000 - 0x00007ff9886e4000 	C:\Users\Luis\.gradle\native\5664cfc778a61ccfe75a443a1ab52a65af34e5dc3c78e0209fed803814484fcb\windows-amd64\native-platform-file-events.dll
0x00007ff9b92a0000 - 0x00007ff9b92aa000 	C:\Program Files\Android\Android Studio\jre\bin\management.dll
0x00007ff9b9250000 - 0x00007ff9b925d000 	C:\Program Files\Android\Android Studio\jre\bin\management_ext.dll
0x00007ff9c0240000 - 0x00007ff9c0258000 	C:\Windows\SYSTEM32\CRYPTSP.dll
0x00007ff9bf9d0000 - 0x00007ff9bfa04000 	C:\Windows\system32\rsaenh.dll
0x00007ff9c0960000 - 0x00007ff9c0987000 	C:\Windows\System32\bcrypt.dll
0x00007ff9c0820000 - 0x00007ff9c084e000 	C:\Windows\SYSTEM32\USERENV.dll
0x00007ff9c0260000 - 0x00007ff9c026c000 	C:\Windows\SYSTEM32\CRYPTBASE.dll
0x00007ff9bfd40000 - 0x00007ff9bfd7b000 	C:\Windows\SYSTEM32\IPHLPAPI.DLL
0x00007ff9c12a0000 - 0x00007ff9c12a8000 	C:\Windows\System32\NSI.dll
0x00007ff9bd910000 - 0x00007ff9bd927000 	C:\Windows\SYSTEM32\dhcpcsvc6.DLL
0x00007ff9bd8f0000 - 0x00007ff9bd90d000 	C:\Windows\SYSTEM32\dhcpcsvc.DLL
0x00007ff9bfdd0000 - 0x00007ff9bfe9b000 	C:\Windows\SYSTEM32\DNSAPI.dll

dbghelp: loaded successfully - version: 4.0.5 - missing functions: none
symbol engine: initialized successfully - sym options: 0x614 - pdb path: .;C:\Program Files\Android\Android Studio\jre\bin;C:\Windows\SYSTEM32;C:\Windows\WinSxS\amd64_microsoft.windows.common-controls_6595b64144ccf1df_6.0.19041.1110_none_60b5254171f9507e;C:\Program Files\Android\Android Studio\jre\bin\server;C:\Users\Luis\.gradle\native\e1d6ef7f7dcc3fd88c89a11ec53ec762bb8ba0a96d01ffa2cd45eb1d1d8dd5c5\windows-amd64;C:\Users\Luis\.gradle\native\5664cfc778a61ccfe75a443a1ab52a65af34e5dc3c78e0209fed803814484fcb\windows-amd64

VM Arguments:
jvm_args: --add-opens=java.base/java.util=ALL-UNNAMED --add-opens=java.base/java.lang=ALL-UNNAMED --add-opens=java.base/java.lang.invoke=ALL-UNNAMED --add-opens=java.base/java.util=ALL-UNNAMED --add-opens=java.prefs/java.util.prefs=ALL-UNNAMED --add-opens=java.prefs/java.util.prefs=ALL-UNNAMED --add-opens=java.base/java.nio.charset=ALL-UNNAMED --add-opens=java.base/java.net=ALL-UNNAMED --add-opens=java.base/java.util.concurrent.atomic=ALL-UNNAMED -Xmx2048m -Dfile.encoding=UTF-8 -Duser.country=BR -Duser.language=pt -Duser.variant 
java_command: org.gradle.launcher.daemon.bootstrap.GradleDaemon 7.2
java_class_path (initial): C:\Users\Luis\.gradle\wrapper\dists\gradle-7.2-bin\2dnblmf4td7x66yl1d74lt32g\gradle-7.2\lib\gradle-launcher-7.2.jar
Launcher Type: SUN_STANDARD

[Global flags]
     intx CICompilerCount                          = 3                                         {product} {ergonomic}
     uint ConcGCThreads                            = 1                                         {product} {ergonomic}
     uint G1ConcRefinementThreads                  = 4                                         {product} {ergonomic}
   size_t G1HeapRegionSize                         = 1048576                                   {product} {ergonomic}
    uintx GCDrainStackTargetSize                   = 64                                        {product} {ergonomic}
   size_t InitialHeapSize                          = 199229440                                 {product} {ergonomic}
   size_t MarkStackSize                            = 4194304                                   {product} {ergonomic}
   size_t MaxHeapSize                              = 2147483648                                {product} {command line}
   size_t MaxNewSize                               = 1287651328                                {product} {ergonomic}
   size_t MinHeapDeltaBytes                        = 1048576                                   {product} {ergonomic}
    uintx NonNMethodCodeHeapSize                   = 5830732                                {pd product} {ergonomic}
    uintx NonProfiledCodeHeapSize                  = 122913754                              {pd product} {ergonomic}
    uintx ProfiledCodeHeapSize                     = 122913754                              {pd product} {ergonomic}
    uintx ReservedCodeCacheSize                    = 251658240                              {pd product} {ergonomic}
     bool SegmentedCodeCache                       = true                                      {product} {ergonomic}
     bool UseCompressedClassPointers               = true                                 {lp64_product} {ergonomic}
     bool UseCompressedOops                        = true                                 {lp64_product} {ergonomic}
     bool UseG1GC                                  = true                                      {product} {ergonomic}
     bool UseLargePagesIndividualAllocation        = false                                  {pd product} {ergonomic}

Logging:
Log output configuration:
 #0: stdout all=warning uptime,level,tags
 #1: stderr all=off uptime,level,tags

Environment Variables:
PATH=C:\Program Files (x86)\Common Files\Oracle\Java\javapath;C:\Program Files (x86)\Embarcadero\Studio\21.0\bin;C:\Users\Public\Documents\Embarcadero\Studio\21.0\Bpl;C:\Program Files (x86)\Embarcadero\Studio\21.0\bin64;C:\Users\Public\Documents\Embarcadero\Studio\21.0\Bpl\Win64;C:\Windows\system32;C:\Windows;C:\Windows\System32\Wbem;C:\Windows\System32\WindowsPowerShell\v1.0\;C:\Windows\System32\OpenSSH\;C:\Program Files\nodejs\;C:\Program Files\Git\cmd;C:\Program Files (x86)\Microsoft SQL Server\150\Tools\Binn\;C:\Program Files\Microsoft SQL Server\150\Tools\Binn\;C:\Program Files (x86)\Microsoft SQL Server\150\DTS\Binn\;C:\Program Files\Microsoft SQL Server\150\DTS\Binn\;C:\Program Files\Microsoft SQL Server\Client SDK\ODBC\170\Tools\Binn\;C:\Program Files\Azure Data Studio\bin;C:\Program Files (x86)\Windows Kits\10\Windows Performance Toolkit\;C:\Users\Luis\AppData\Local\Microsoft\WindowsApps;C:\Users\Luis\AppData\Roaming\npm;C:\Users\Luis\AppData\Local\Programs\Microsoft VS Code\bin;C:\Program Files\Azure Data Studio\bin
USERNAME=Luis
OS=Windows_NT
PROCESSOR_IDENTIFIER=Intel64 Family 6 Model 78 Stepping 3, GenuineIntel



---------------  S Y S T E M  ---------------

OS: Windows 10 , 64 bit Build 19041 (10.0.19041.1706)
OS uptime: 8 days 11:47 hours

CPU:total 4 (initial active 4) (2 cores per cpu, 2 threads per core) family 6 model 78 stepping 3 microcode 0xcc, cmov, cx8, fxsr, mmx, sse, sse2, sse3, ssse3, sse4.1, sse4.2, popcnt, avx, avx2, aes, clmul, erms, 3dnowpref, lzcnt, ht, tsc, tscinvbit, bmi1, bmi2, adx, fma

Memory: 4k page, system-wide physical 12156M (5000M free)
TotalPageFile size 26121M (AvailPageFile size 1008M)
current process WorkingSet (physical memory assigned to process): 203M, peak: 228M
current process commit charge ("private bytes"): 338M, peak: 362M

vm_info: OpenJDK 64-Bit Server VM (11.0.11+9-b60-7590822) for windows-amd64 JRE (11.0.11+9-b60-7590822), built on Jul 29 2021 21:43:44 by "builder" with MS VC++ 14.0 (VS2015)

END.
